0 info it worked if it ends with ok
1 verbose cli [ 'e:\\node\\node.exe',
1 verbose cli   'e:\\node\\node_modules\\npm\\bin\\npm-cli.js',
1 verbose cli   'run',
1 verbose cli   'start' ]
2 info using npm@3.10.10
3 info using node@v6.10.2
4 verbose run-script [ 'prestart', 'start', 'poststart' ]
5 info lifecycle course@0.0.0~prestart: course@0.0.0
6 silly lifecycle course@0.0.0~prestart: no script for prestart, continuing
7 info lifecycle course@0.0.0~start: course@0.0.0
8 verbose lifecycle course@0.0.0~start: unsafe-perm in lifecycle true
9 verbose lifecycle course@0.0.0~start: PATH: e:\node\node_modules\npm\bin\node-gyp-bin;D:\qd1704\node\course\node_modules\.bin;c:\Users\my\bin;.;C:\Program Files (x86)\Git\local\bin;C:\Program Files (x86)\Git\mingw\bin;C:\Program Files (x86)\Git\bin;e:\ruby\Ruby21\bin;c:\Windows\system32;c:\Windows;c:\Windows\System32\Wbem;c:\Windows\System32\WindowsPowerShell\v1.0\;c:\Program Files (x86)\ATI Technologies\ATI.ACE\Core-Static;c:\Program Files\ThinkPad\Bluetooth Software\;c:\Program Files\ThinkPad\Bluetooth Software\syswow64;e:\node\;c:\Program Files (x86)\VisualSVN Server\bin;c:\Program Files\TortoiseSVN\bin;d:\MySQL\bin;c:\Users\my\AppData\Roaming\npm
10 verbose lifecycle course@0.0.0~start: CWD: D:\qd1704\node\course
11 silly lifecycle course@0.0.0~start: Args: [ '/d /s /c', 'node ./bin/www' ]
12 verbose stack Error: kill ENOSYS
12 verbose stack     at exports._errnoException (util.js:1018:11)
12 verbose stack     at process.kill (internal/process.js:190:13)
12 verbose stack     at process.listener (e:\node\node_modules\npm\node_modules\npmlog\node_modules\gauge\node_modules\signal-exit\index.js:86:15)
12 verbose stack     at emitNone (events.js:91:20)
12 verbose stack     at process.emit (events.js:185:7)
12 verbose stack     at processEmit (e:\node\node_modules\npm\node_modules\npmlog\node_modules\gauge\node_modules\signal-exit\index.js:146:32)
12 verbose stack     at processEmit (e:\node\node_modules\npm\node_modules\npm-registry-client\node_modules\npmlog\node_modules\gauge\node_modules\signal-exit\index.js:146:32)
12 verbose stack     at Signal.wrap.onsignal (internal/process.js:217:44)
13 verbose cwd D:\qd1704\node\course
14 error Windows_NT 6.1.7601
15 error argv "e:\\node\\node.exe" "e:\\node\\node_modules\\npm\\bin\\npm-cli.js" "run" "start"
16 error node v6.10.2
17 error npm  v3.10.10
18 error code ENOSYS
19 error errno ENOSYS
20 error syscall kill
21 error kill ENOSYS
22 error If you need help, you may report this error at:
22 error     <https://github.com/npm/npm/issues>
23 verbose exit [ 1, true ]
